TN:
SF:vyapti/parser/src/index.ts
FNF:0
FNH:0
DA:1,3
DA:2,3
DA:3,3
DA:4,3
DA:5,3
DA:15,3
DA:16,3
DA:18,1
DA:21,0
DA:24,3
LF:10
LH:9
BRDA:22,0,0,1
BRDA:16,1,0,0
BRDA:16,1,1,3
BRDA:17,2,0,3
BRDA:17,2,1,3
BRDA:17,2,2,3
BRF:6
BRH:5
end_of_record
TN:
SF:vyapti/parser/src/web.ts
FNF:0
FNH:0
DA:1,3
DA:2,3
DA:3,3
DA:5,3
LF:4
LH:4
BRF:0
BRH:0
end_of_record
TN:
SF:vyapti/parser/src/classes/builders/detailedSummaryBuilder.ts
FN:18,(anonymous_0)
FN:49,(anonymous_2)
FN:89,(anonymous_3)
FN:102,(anonymous_4)
FN:120,(anonymous_5)
FN:141,(anonymous_6)
FN:155,(anonymous_7)
FNF:7
FNH:7
FNDA:1000,(anonymous_0)
FNDA:416,(anonymous_2)
FNDA:2776,(anonymous_3)
FNDA:344,(anonymous_4)
FNDA:176,(anonymous_5)
FNDA:852,(anonymous_6)
FNDA:228,(anonymous_7)
DA:1,4
DA:3,4
DA:4,4
DA:6,4
DA:7,4
DA:8,4
DA:10,4
DA:18,996
DA:24,996
DA:31,996
DA:38,996
DA:49,4
DA:50,306
DA:51,4
DA:53,412
DA:59,412
DA:65,412
DA:71,412
DA:89,4
DA:90,1932
DA:91,4
DA:93,2772
DA:94,2772
DA:95,2772
DA:96,1929
DA:97,1929
DA:99,264
DA:100,264
DA:101,252
DA:102,344
DA:104,165
DA:105,8
DA:106,8
DA:112,244
DA:114,252
DA:117,152
DA:118,152
DA:119,140
DA:120,176
DA:122,93
DA:123,120
DA:124,120
DA:130,20
DA:134,140
DA:137,376
DA:138,376
DA:139,364
DA:140,364
DA:141,852
DA:143,237
DA:144,4
DA:146,360
DA:148,364
DA:151,248
DA:154,248
DA:155,228
DA:157,162
DA:158,116
DA:163,132
DA:164,132
DA:165,132
DA:167,248
DA:170,1708
DA:178,4
DA:180,4
LF:65
LH:65
BRDA:18,0,0,996
BRDA:18,0,1,996
BRDA:18,0,2,996
BRDA:155,1,0,228
BRDA:155,1,1,116
BRDA:50,2,0,3
BRDA:50,2,1,303
BRDA:90,3,0,3
BRDA:90,3,1,1929
BRDA:98,4,0,174
BRDA:98,4,1,102
BRDA:98,4,2,246
BRDA:98,4,3,180
BRDA:98,4,4,1227
BRDA:104,5,0,6
BRDA:104,5,1,159
BRDA:122,6,0,78
BRDA:122,6,1,15
BRDA:143,7,0,3
BRDA:143,7,1,234
BRDA:157,8,0,75
BRDA:157,8,1,87
BRF:22
BRH:22
end_of_record
TN:
SF:vyapti/parser/src/classes/builders/flatReportBuilder.ts
FN:13,(anonymous_0)
FN:34,FlatReportBuilder
FN:50,(anonymous_2)
FN:68,(anonymous_3)
FNF:4
FNH:4
FNDA:4,(anonymous_0)
FNDA:124,FlatReportBuilder
FNDA:104,(anonymous_2)
FNDA:192,(anonymous_3)
DA:1,4
DA:4,4
DA:5,4
DA:13,4
DA:19,124
DA:26,124
DA:34,222
DA:35,124
DA:38,124
DA:50,4
DA:51,75
DA:52,52
DA:54,52
DA:68,4
DA:71,192
DA:73,4
DA:75,4
LF:17
LH:17
BRDA:34,0,0,98
BRDA:34,0,1,26
BRDA:35,1,0,124
BRDA:35,1,1,124
BRDA:51,2,0,39
BRDA:51,2,1,36
BRF:6
BRH:6
end_of_record
TN:
SF:vyapti/parser/src/classes/builders/reportBuilder.ts
FN:13,(anonymous_0)
FN:62,ReportBuilder
FN:79,(anonymous_2)
FN:95,(anonymous_3)
FN:111,(anonymous_4)
FN:121,(anonymous_5)
FN:151,(anonymous_6)
FNF:7
FNH:7
FNDA:4,(anonymous_0)
FNDA:442,ReportBuilder
FNDA:135,(anonymous_2)
FNDA:4056,(anonymous_3)
FNDA:282,(anonymous_4)
FNDA:3884,(anonymous_5)
FNDA:3884,(anonymous_6)
DA:1,4
DA:3,4
DA:6,4
DA:13,4
DA:19,442
DA:33,442
DA:40,442
DA:47,442
DA:54,442
DA:62,682
DA:63,442
DA:66,442
DA:67,442
DA:79,4
DA:80,96
DA:81,52
DA:83,83
DA:95,4
DA:96,2718
DA:97,172
DA:100,3884
DA:101,3884
DA:111,4
DA:112,282
DA:121,4
DA:122,3884
DA:123,2613
DA:125,260
DA:126,260
DA:130,260
DA:131,183
DA:132,64
DA:134,196
DA:136,260
DA:151,4
DA:152,3884
DA:153,2613
DA:154,260
DA:155,183
DA:156,12
DA:160,248
DA:161,248
DA:163,260
DA:166,4
DA:168,4
LF:45
LH:45
BRDA:62,0,0,240
BRDA:62,0,1,202
BRDA:80,1,0,39
BRDA:80,1,1,57
BRDA:96,2,0,105
BRDA:96,2,1,2613
BRDA:123,3,0,183
BRDA:123,3,1,2430
BRDA:131,4,0,48
BRDA:131,4,1,135
BRDA:153,5,0,183
BRDA:153,5,1,2430
BRDA:155,6,0,9
BRDA:155,6,1,174
BRF:14
BRH:14
end_of_record
TN:
SF:vyapti/parser/src/classes/builders/summaryBuilder.ts
FN:12,(anonymous_0)
FN:89,SummaryBuilder
FN:98,(anonymous_2)
FN:111,(anonymous_3)
FN:137,(anonymous_4)
FN:202,(anonymous_5)
FNF:6
FNH:6
FNDA:4,(anonymous_0)
FNDA:3096,SummaryBuilder
FNDA:7928,(anonymous_2)
FNDA:524,(anonymous_3)
FNDA:9368,(anonymous_4)
FNDA:4980,(anonymous_5)
DA:1,4
DA:3,4
DA:4,4
DA:12,4
DA:18,3096
DA:25,3096
DA:32,3096
DA:39,3096
DA:46,3096
DA:53,3096
DA:60,3096
DA:67,3096
DA:74,3096
DA:81,3096
DA:89,4648
DA:90,3096
DA:98,3
DA:99,7928
DA:111,4
DA:112,375
DA:113,4
DA:115,520
DA:116,520
DA:117,520
DA:118,520
DA:137,4
DA:138,6402
DA:139,4
DA:141,9364
DA:142,9364
DA:143,6399
DA:144,6399
DA:146,836
DA:147,836
DA:150,844
DA:152,597
DA:153,276
DA:155,844
DA:158,464
DA:159,440
DA:162,464
DA:163,440
DA:166,464
DA:167,440
DA:170,464
DA:171,440
DA:174,464
DA:175,440
DA:178,464
DA:179,440
DA:182,940
DA:183,940
DA:186,3960
DA:202,4
DA:203,4980
DA:204,3387
DA:205,204
DA:207,4776
DA:209,4
DA:211,4
LF:60
LH:60
BRDA:89,0,0,1552
BRDA:89,0,1,1544
BRDA:146,1,0,836
BRDA:146,1,1,16
BRDA:112,2,0,3
BRDA:112,2,1,372
BRDA:138,3,0,3
BRDA:138,3,1,6399
BRDA:145,4,0,591
BRDA:145,4,1,597
BRDA:145,4,2,324
BRDA:145,4,3,324
BRDA:145,4,4,324
BRDA:145,4,5,324
BRDA:145,4,6,324
BRDA:145,4,7,324
BRDA:145,4,8,681
BRDA:145,4,9,2586
BRDA:152,5,0,195
BRDA:152,5,1,402
BRDA:204,6,0,153
BRDA:204,6,1,3234
BRF:22
BRH:22
end_of_record
TN:
SF:vyapti/parser/src/classes/builders/treeReportBuilder.ts
FN:17,(anonymous_0)
FN:32,(anonymous_2)
FN:49,(anonymous_3)
FN:66,(anonymous_4)
FN:86,(anonymous_5)
FN:103,(anonymous_6)
FN:106,(anonymous_7)
FN:131,(anonymous_8)
FN:156,(anonymous_9)
FN:161,(anonymous_10)
FNF:10
FNH:10
FNDA:140,(anonymous_0)
FNDA:112,(anonymous_2)
FNDA:228,(anonymous_3)
FNDA:60,(anonymous_4)
FNDA:68,(anonymous_5)
FNDA:64,(anonymous_6)
FNDA:108,(anonymous_7)
FNDA:56,(anonymous_8)
FNDA:116,(anonymous_9)
FNDA:56,(anonymous_10)
DA:1,4
DA:3,4
DA:4,4
DA:7,4
DA:8,4
DA:9,4
DA:17,136
DA:21,136
DA:32,4
DA:33,81
DA:34,52
DA:37,60
DA:39,60
DA:49,4
DA:52,228
DA:66,4
DA:67,60
DA:68,60
DA:69,42
DA:70,27
DA:74,20
DA:86,68
DA:88,128
DA:91,68
DA:92,48
DA:93,40
DA:102,28
DA:103,28
DA:104,64
DA:106,108
DA:107,64
DA:112,48
DA:113,28
DA:114,28
DA:116,48
DA:117,56
DA:118,42
DA:119,16
DA:121,56
DA:126,64
DA:130,28
DA:131,28
DA:132,56
DA:134,56
DA:135,42
DA:136,48
DA:138,8
DA:142,28
DA:156,176
DA:157,84
DA:158,88
DA:160,28
DA:161,28
DA:162,56
DA:163,42
DA:164,48
DA:166,8
DA:169,28
DA:172,4
DA:174,4
LF:60
LH:60
BRDA:17,0,0,136
BRDA:17,0,1,136
BRDA:17,0,2,136
BRDA:88,1,0,60
BRDA:88,1,1,8
BRDA:107,2,0,64
BRDA:107,2,1,4
BRDA:112,3,0,64
BRDA:112,3,1,48
BRDA:156,4,0,60
BRDA:156,4,1,56
BRDA:33,5,0,39
BRDA:33,5,1,42
BRDA:69,6,0,27
BRDA:69,6,1,15
BRDA:92,7,0,27
BRDA:92,7,1,21
BRDA:112,8,0,21
BRDA:112,8,1,27
BRDA:116,9,0,42
BRDA:116,9,1,6
BRDA:118,10,0,12
BRDA:118,10,1,30
BRDA:135,11,0,36
BRDA:135,11,1,6
BRDA:157,12,0,63
BRDA:157,12,1,21
BRDA:163,13,0,36
BRDA:163,13,1,6
BRF:29
BRH:29
end_of_record
TN:
SF:vyapti/parser/src/classes/builders/treeReportNodeBuilder.ts
FN:13,(anonymous_0)
FN:51,TreeReportNodeBuilder
FN:64,(anonymous_2)
FN:88,(anonymous_3)
FN:108,(anonymous_4)
FN:132,(anonymous_5)
FN:153,(anonymous_6)
FN:180,(anonymous_7)
FNF:8
FNH:8
FNDA:4,(anonymous_0)
FNDA:64,TreeReportNodeBuilder
FNDA:48,(anonymous_2)
FNDA:68,(anonymous_3)
FNDA:192,(anonymous_4)
FNDA:28,(anonymous_5)
FNDA:72,(anonymous_6)
FNDA:16,(anonymous_7)
DA:1,4
DA:3,4
DA:4,4
DA:6,4
DA:13,4
DA:19,64
DA:26,64
DA:34,64
DA:51,96
DA:52,64
DA:64,4
DA:65,36
DA:66,4
DA:69,44
DA:71,44
DA:72,44
DA:88,4
DA:89,68
DA:90,51
DA:92,6
DA:93,4
DA:98,4
DA:102,60
DA:105,64
DA:108,256
DA:113,64
DA:120,48
DA:121,32
DA:123,32
DA:132,4
DA:133,28
DA:134,21
DA:136,6
DA:137,4
DA:142,4
DA:146,20
DA:150,24
DA:153,96
DA:158,24
DA:165,18
DA:166,20
DA:168,4
DA:180,4
DA:181,16
DA:183,4
DA:185,4
LF:46
LH:46
BRDA:51,0,0,32
BRDA:51,0,1,32
BRDA:65,1,0,3
BRDA:65,1,1,33
BRDA:90,2,0,6
BRDA:90,2,1,45
BRDA:92,3,0,3
BRDA:92,3,1,3
BRDA:120,4,0,24
BRDA:120,4,1,24
BRDA:134,5,0,6
BRDA:134,5,1,15
BRDA:136,6,0,3
BRDA:136,6,1,3
BRDA:165,7,0,15
BRDA:165,7,1,3
BRF:16
BRH:16
end_of_record
TN:
SF:vyapti/parser/src/classes/details/branchDetail.ts
FN:11,(anonymous_0)
FN:41,BranchDetail
FN:59,(anonymous_2)
FN:84,(anonymous_3)
FN:93,(anonymous_4)
FN:103,(anonymous_5)
FN:107,(anonymous_6)
FN:114,(anonymous_7)
FN:115,(anonymous_8)
FN:122,(anonymous_9)
FN:125,(anonymous_10)
FN:126,(anonymous_11)
FNF:12
FNH:12
FNDA:4,(anonymous_0)
FNDA:900,BranchDetail
FNDA:1696,(anonymous_2)
FNDA:12,(anonymous_3)
FNDA:300,(anonymous_4)
FNDA:316,(anonymous_5)
FNDA:16,(anonymous_6)
FNDA:8,(anonymous_7)
FNDA:8,(anonymous_8)
FNDA:708,(anonymous_9)
FNDA:1384,(anonymous_10)
FNDA:1384,(anonymous_11)
DA:3,4
DA:11,4
DA:24,900
DA:33,900
DA:42,900
DA:43,900
DA:59,4
DA:63,1104
DA:64,4
DA:66,1101
DA:67,4
DA:69,1098
DA:70,1680
DA:72,8
DA:74,1688
DA:84,4
DA:85,12
DA:93,3
DA:94,300
DA:103,3
DA:104,316
DA:107,4
DA:108,16
DA:109,12
DA:113,4
DA:114,8
DA:116,8
DA:119,16
DA:122,708
DA:123,708
DA:124,708
DA:125,1384
DA:127,1384
DA:129,708
DA:131,4
DA:133,4
LF:36
LH:36
BRDA:42,0,0,900
BRDA:42,0,1,900
BRDA:85,1,0,12
BRDA:85,1,1,8
BRDA:110,2,0,16
BRDA:110,2,1,8
BRDA:63,3,0,3
BRDA:63,3,1,1101
BRDA:66,4,0,3
BRDA:66,4,1,1098
BRDA:69,5,0,1092
BRDA:69,5,1,6
BRDA:109,6,0,3
BRDA:109,6,1,9
BRF:14
BRH:14
end_of_record
TN:
SF:vyapti/parser/src/classes/details/detail.ts
FN:9,(anonymous_0)
FN:31,Detail
FN:41,(anonymous_2)
FN:50,(anonymous_3)
FN:54,(anonymous_4)
FN:64,(anonymous_5)
FNF:6
FNH:6
FNDA:4,(anonymous_0)
FNDA:5408,Detail
FNDA:6604,(anonymous_2)
FNDA:1036,(anonymous_3)
FNDA:20,(anonymous_4)
FNDA:2236,(anonymous_5)
DA:9,4
DA:16,5408
DA:23,5408
DA:32,5408
DA:33,5408
DA:41,3
DA:42,6604
DA:50,3
DA:51,1036
DA:54,4
DA:55,15
DA:56,4
DA:58,16
DA:64,4
DA:65,2236
DA:67,4
DA:69,4
LF:17
LH:17
BRDA:55,0,0,3
BRDA:55,0,1,12
BRF:2
BRH:2
end_of_record
TN:
SF:vyapti/parser/src/classes/details/functionDetail.ts
FN:11,(anonymous_0)
FN:27,FunctionDetail
FN:37,(anonymous_2)
FN:41,(anonymous_3)
FN:52,(anonymous_4)
FNF:5
FNH:5
FNDA:4,(anonymous_0)
FNDA:1820,FunctionDetail
FNDA:824,(anonymous_2)
FNDA:16,(anonymous_3)
FNDA:1392,(anonymous_4)
DA:3,4
DA:11,4
DA:18,1820
DA:28,1820
DA:29,1820
DA:37,3
DA:38,824
DA:41,4
DA:42,12
DA:43,4
DA:49,12
DA:52,4
DA:53,1392
DA:59,4
DA:61,4
LF:15
LH:15
BRDA:28,0,0,1820
BRDA:28,0,1,1820
BRDA:42,1,0,16
BRDA:42,1,1,8
BRDA:42,2,0,3
BRDA:42,2,1,9
BRF:6
BRH:6
end_of_record
TN:
SF:vyapti/parser/src/classes/parsers/browserStreamParser.ts
FN:13,(anonymous_0)
FN:40,(anonymous_8)
FN:64,(anonymous_9)
FN:71,(anonymous_10)
FN:74,(anonymous_14)
FN:85,(anonymous_15)
FN:27,(anonymous_4)
FN:39,(anonymous_7)
FN:73,(anonymous_13)
FNF:9
FNH:9
FNDA:34,(anonymous_0)
FNDA:702,(anonymous_8)
FNDA:27,(anonymous_9)
FNDA:27,(anonymous_10)
FNDA:54,(anonymous_14)
FNDA:648,(anonymous_15)
FNDA:27,(anonymous_4)
FNDA:1404,(anonymous_7)
FNDA:108,(anonymous_13)
DA:5,4
DA:13,4
DA:27,4
DA:29,30
DA:35,27
DA:36,27
DA:37,27
DA:38,27
DA:39,702
DA:40,702
DA:41,702
DA:42,27
DA:44,675
DA:45,675
DA:48,54
DA:49,27
DA:64,4
DA:66,51
DA:68,27
DA:69,27
DA:70,27
DA:71,27
DA:72,27
DA:73,81
DA:74,54
DA:75,54
DA:76,27
DA:77,27
DA:78,27
DA:81,27
DA:84,27
DA:85,27
DA:86,648
DA:88,27
DA:92,27
DA:96,4
DA:98,4
LF:37
LH:37
BRDA:29,0,0,3
BRDA:29,0,1,24
BRDA:66,1,0,24
BRDA:66,1,1,3
BRDA:84,2,0,27
BRDA:84,2,1,0
BRDA:41,3,0,27
BRDA:41,3,1,675
BRDA:75,4,0,27
BRDA:75,4,1,27
BRF:10
BRH:9
end_of_record
TN:
SF:vyapti/parser/src/classes/parsers/contentParser.ts
FN:13,(anonymous_0)
FN:51,(anonymous_5)
FN:31,(anonymous_4)
FNF:3
FNH:3
FNDA:76,(anonymous_0)
FNDA:64,(anonymous_5)
FNDA:24,(anonymous_4)
DA:5,4
DA:13,4
DA:31,4
DA:33,36
DA:35,32
DA:51,4
DA:53,68
DA:55,64
DA:56,64
DA:58,4
DA:60,4
LF:11
LH:11
BRDA:33,0,0,4
BRDA:33,0,1,28
BRDA:53,1,0,4
BRDA:53,1,1,60
BRF:4
BRH:4
end_of_record
TN:
SF:vyapti/parser/src/classes/parsers/fileParser.ts
FN:14,(anonymous_0)
FN:21,FileParser
FN:52,(anonymous_5)
FN:53,(anonymous_6)
FN:80,(anonymous_7)
FN:41,(anonymous_4)
FNF:6
FNH:5
FNDA:4,(anonymous_0)
FNDA:36,FileParser
FNDA:16,(anonymous_5)
FNDA:16,(anonymous_6)
FNDA:16,(anonymous_7)
FNDA:0,(anonymous_4)
DA:2,4
DA:6,4
DA:14,4
DA:22,36
DA:23,0
DA:24,3
DA:41,4
DA:43,18
DA:49,16
DA:50,16
DA:52,16
DA:53,16
DA:54,0
DA:55,8
DA:57,8
DA:62,8
DA:64,8
DA:80,4
DA:82,18
DA:88,16
DA:89,16
DA:90,8
DA:91,8
DA:93,4
DA:95,4
LF:25
LH:23
BRDA:22,0,0,36
BRDA:22,0,1,36
BRDA:23,1,0,36
BRDA:23,1,1,34
BRDA:43,2,0,2
BRDA:43,2,1,14
BRDA:82,3,0,2
BRDA:82,3,1,14
BRDA:23,4,0,0
BRDA:23,4,1,0
BRDA:64,5,0,0
BRDA:54,6,0,0
BRDA:54,6,1,0
BRF:13
BRH:8
end_of_record
TN:
SF:vyapti/parser/src/classes/parsers/nodeStreamParser.ts
FN:16,(anonymous_0)
FN:43,(anonymous_5)
FN:44,(anonymous_6)
FN:55,(anonymous_7)
FN:67,(anonymous_8)
FN:30,(anonymous_4)
FNF:6
FNH:5
FNDA:16,(anonymous_0)
FNDA:11,(anonymous_5)
FNDA:226,(anonymous_6)
FNDA:9,(anonymous_7)
FNDA:1,(anonymous_8)
FNDA:0,(anonymous_4)
DA:4,4
DA:8,4
DA:16,4
DA:30,4
DA:32,15
DA:38,11
DA:39,11
DA:40,11
DA:41,11
DA:43,11
DA:44,11
DA:45,0
DA:46,226
DA:47,226
DA:49,1
DA:50,1
DA:51,1
DA:55,11
DA:56,0
DA:57,9
DA:58,8
DA:59,8
DA:61,1
DA:62,1
DA:63,1
DA:67,11
DA:68,1
DA:69,1
DA:70,1
DA:74,4
DA:76,4
LF:31
LH:29
BRDA:32,0,0,4
BRDA:32,0,1,7
BRF:2
BRH:2
end_of_record
TN:
SF:vyapti/parser/src/classes/parsers/parser.ts
FN:15,(anonymous_0)
FN:68,(anonymous_2)
FN:94,(anonymous_3)
FN:100,(anonymous_4)
FNF:4
FNH:4
FNDA:206,(anonymous_0)
FNDA:150,(anonymous_2)
FNDA:96,(anonymous_3)
FNDA:2224,(anonymous_4)
DA:1,4
DA:3,4
DA:4,4
DA:5,4
DA:15,4
DA:68,4
DA:70,192
DA:72,99
DA:74,36
DA:77,36
DA:80,78
DA:94,4
DA:99,96
DA:100,96
DA:101,2224
DA:103,96
DA:105,4
DA:107,4
LF:18
LH:18
BRDA:70,0,0,42
BRDA:70,0,1,108
BRDA:73,1,0,24
BRDA:73,1,1,24
BRDA:73,1,2,51
BRF:5
BRH:5
end_of_record
TN:
SF:vyapti/parser/src/classes/parsers/streamParser.ts
FN:20,(anonymous_0)
FN:31,(anonymous_2)
FNF:2
FNH:2
FNDA:50,(anonymous_0)
FNDA:8,(anonymous_2)
DA:5,4
DA:20,4
DA:31,4
DA:33,12
DA:39,8
DA:41,4
DA:43,4
LF:7
LH:7
BRDA:33,0,0,4
BRDA:33,0,1,4
BRF:2
BRH:2
end_of_record
TN:
SF:vyapti/parser/src/classes/records/detailedRecord.ts
FN:16,(anonymous_0)
FN:37,DetailedRecord
FN:45,(anonymous_2)
FN:60,(anonymous_3)
FN:75,(anonymous_4)
FN:79,(anonymous_5)
FN:85,(anonymous_6)
FN:98,(anonymous_7)
FN:103,(anonymous_8)
FN:105,(anonymous_9)
FNF:10
FNH:10
FNDA:4,(anonymous_0)
FNDA:7080,DetailedRecord
FNDA:4256,(anonymous_2)
FNDA:16,(anonymous_3)
FNDA:932,(anonymous_4)
FNDA:104,(anonymous_5)
FNDA:5428,(anonymous_6)
FNDA:104,(anonymous_7)
FNDA:16,(anonymous_8)
FNDA:16,(anonymous_9)
DA:5,4
DA:16,4
DA:25,7080
DA:43,7080
DA:44,5202
DA:45,6788
DA:46,4256
DA:60,4
DA:61,12
DA:62,4
DA:66,12
DA:75,3
DA:76,932
DA:79,4
DA:80,104
DA:81,104
DA:82,104
DA:85,4
DA:86,5428
DA:98,4
DA:101,104
DA:102,104
DA:103,16
DA:105,104
DA:106,12
DA:107,8
DA:109,8
DA:112,104
DA:114,4
DA:116,4
LF:30
LH:30
BRDA:43,0,0,7080
BRDA:43,0,1,7080
BRDA:44,1,0,4983
BRDA:44,1,1,219
BRDA:61,2,0,3
BRDA:61,2,1,9
BRDA:106,3,0,6
BRDA:106,3,1,6
BRF:8
BRH:8
end_of_record
TN:
SF:vyapti/parser/src/classes/records/record.ts
FN:10,(anonymous_0)
FN:40,Record
FN:51,(anonymous_2)
FN:60,(anonymous_3)
FN:69,(anonymous_4)
FN:73,(anonymous_5)
FN:81,(anonymous_6)
FNF:7
FNH:7
FNDA:4,(anonymous_0)
FNDA:15712,Record
FNDA:8694,(anonymous_2)
FNDA:8694,(anonymous_3)
FNDA:8814,(anonymous_4)
FNDA:628,(anonymous_5)
FNDA:5872,(anonymous_6)
DA:10,4
DA:16,15712
DA:23,15712
DA:30,15712
DA:41,15712
DA:42,15712
DA:43,15712
DA:51,3
DA:52,8694
DA:60,3
DA:61,8694
DA:69,3
DA:70,8814
DA:73,4
DA:74,628
DA:81,4
DA:82,5872
DA:84,4
DA:86,4
LF:19
LH:19
BRDA:43,0,0,15712
BRDA:43,0,1,7268
BRF:2
BRH:2
end_of_record
TN:
SF:vyapti/parser/src/classes/reports/flatReport.ts
FN:12,(anonymous_0)
FN:27,FlatReport
FN:34,(anonymous_2)
FN:44,(anonymous_3)
FNF:4
FNH:4
FNDA:4,(anonymous_0)
FNDA:56,FlatReport
FNDA:68,(anonymous_2)
FNDA:176,(anonymous_3)
DA:4,4
DA:12,4
DA:32,56
DA:33,56
DA:34,56
DA:35,68
DA:44,3
DA:45,176
DA:47,4
DA:49,4
LF:10
LH:10
BRDA:32,0,0,56
BRDA:32,0,1,56
BRF:2
BRH:2
end_of_record
TN:
SF:vyapti/parser/src/classes/reports/report.ts
FN:10,(anonymous_0)
FN:39,Report
FN:47,(anonymous_2)
FN:57,(anonymous_3)
FN:66,(anonymous_4)
FN:75,(anonymous_5)
FNF:6
FNH:6
FNDA:4,(anonymous_0)
FNDA:207,Report
FNDA:255,(anonymous_2)
FNDA:1227,(anonymous_3)
FNDA:318,(anonymous_4)
FNDA:182,(anonymous_5)
DA:10,4
DA:39,207
DA:44,207
DA:45,207
DA:46,207
DA:47,207
DA:48,255
DA:57,3
DA:58,1227
DA:66,3
DA:67,318
DA:75,3
DA:76,182
DA:78,4
DA:80,4
LF:15
LH:15
BRF:0
BRH:0
end_of_record
TN:
SF:vyapti/parser/src/classes/reports/treeReport.ts
FN:13,(anonymous_0)
FN:21,TreeReport
FN:28,(anonymous_2)
FN:58,(anonymous_3)
FNF:4
FNH:4
FNDA:4,(anonymous_0)
FNDA:64,TreeReport
FNDA:88,(anonymous_2)
FNDA:212,(anonymous_3)
DA:3,4
DA:13,4
DA:26,64
DA:27,64
DA:28,64
DA:29,88
DA:58,3
DA:59,212
DA:61,4
DA:63,4
LF:10
LH:10
BRDA:26,0,0,64
BRDA:26,0,1,64
BRF:2
BRH:2
end_of_record
TN:
SF:vyapti/parser/src/classes/reports/treeReportNode.ts
FN:17,isLeaf
FN:29,(anonymous_1)
FN:58,TreeReportNode
FN:73,(anonymous_3)
FN:84,(anonymous_4)
FN:93,(anonymous_5)
FN:97,(anonymous_6)
FN:107,(anonymous_7)
FN:132,(anonymous_8)
FN:134,(anonymous_9)
FNF:10
FNH:10
FNDA:200,isLeaf
FNDA:4,(anonymous_1)
FNDA:360,TreeReportNode
FNDA:292,(anonymous_3)
FNDA:452,(anonymous_4)
FNDA:480,(anonymous_5)
FNDA:44,(anonymous_6)
FNDA:36,(anonymous_7)
FNDA:196,(anonymous_8)
FNDA:128,(anonymous_9)
DA:5,4
DA:17,4
DA:18,200
DA:29,4
DA:36,360
DA:43,360
DA:67,360
DA:68,270
DA:69,300
DA:71,270
DA:72,296
DA:73,296
DA:74,292
DA:84,3
DA:85,452
DA:93,3
DA:94,480
DA:97,4
DA:98,44
DA:99,33
DA:100,4
DA:102,40
DA:103,40
DA:104,40
DA:105,40
DA:107,40
DA:108,27
DA:110,16
DA:112,12
DA:114,8
DA:117,6
DA:119,8
DA:124,20
DA:125,20
DA:129,40
DA:132,196
DA:133,196
DA:134,196
DA:135,128
DA:137,196
DA:147,4
DA:149,4
LF:42
LH:42
BRDA:67,0,0,360
BRDA:67,0,1,360
BRDA:102,1,0,40
BRDA:102,1,1,8
BRDA:110,2,0,8
BRDA:110,2,1,8
BRDA:111,3,0,8
BRDA:111,3,1,8
BRDA:68,4,0,225
BRDA:68,4,1,45
BRDA:71,5,0,222
BRDA:71,5,1,48
BRDA:99,6,0,3
BRDA:99,6,1,30
BRDA:108,7,0,12
BRDA:108,7,1,15
BRDA:112,8,0,6
BRDA:112,8,1,6
BRDA:117,9,0,6
BRDA:117,9,1,0
BRF:20
BRH:19
end_of_record
TN:
SF:vyapti/parser/src/classes/summaries/detailedSummary.ts
FN:14,(anonymous_0)
FN:46,DetailedSummary
FN:64,(anonymous_2)
FN:73,(anonymous_3)
FN:82,(anonymous_4)
FN:86,(anonymous_5)
FN:99,(anonymous_6)
FNF:7
FNH:7
FNDA:4,(anonymous_0)
FNDA:1184,DetailedSummary
FNDA:692,(anonymous_2)
FNDA:716,(anonymous_3)
FNDA:688,(anonymous_4)
FNDA:44,(anonymous_5)
FNDA:624,(anonymous_6)
DA:5,4
DA:14,4
DA:53,1184
DA:54,1184
DA:55,1184
DA:56,1184
DA:64,3
DA:65,692
DA:73,3
DA:74,716
DA:82,3
DA:83,688
DA:86,4
DA:87,33
DA:88,12
DA:90,32
DA:99,4
DA:100,624
DA:108,4
DA:110,4
LF:20
LH:20
BRDA:53,0,0,1184
BRDA:53,0,1,1184
BRDA:87,1,0,44
BRDA:87,1,1,36
BRDA:87,2,0,9
BRDA:87,2,1,24
BRF:6
BRH:6
end_of_record
TN:
SF:vyapti/parser/src/classes/summaries/summary.ts
FN:12,(anonymous_0)
FN:57,Summary
FN:76,(anonymous_2)
FN:85,(anonymous_3)
FN:94,(anonymous_4)
FN:103,(anonymous_5)
FN:112,(anonymous_6)
FN:116,(anonymous_7)
FN:129,(anonymous_8)
FNF:9
FNH:9
FNDA:4,(anonymous_0)
FNDA:2626,Summary
FNDA:1648,(anonymous_2)
FNDA:2712,(anonymous_3)
FNDA:1190,(anonymous_4)
FNDA:1386,(anonymous_5)
FNDA:1386,(anonymous_6)
FNDA:124,(anonymous_7)
FNDA:318,(anonymous_8)
DA:12,4
DA:39,2626
DA:46,2626
DA:64,2626
DA:65,2626
DA:66,2626
DA:67,2626
DA:68,2626
DA:76,3
DA:77,1648
DA:85,3
DA:86,2712
DA:94,3
DA:95,1190
DA:103,3
DA:104,1386
DA:112,3
DA:113,1386
DA:116,4
DA:117,93
DA:118,12
DA:120,112
DA:129,4
DA:130,318
DA:138,4
DA:140,4
LF:26
LH:26
BRDA:117,0,0,124
BRDA:117,0,1,116
BRDA:117,1,0,9
BRDA:117,1,1,84
BRF:4
BRH:4
end_of_record
TN:
SF:vyapti/parser/src/utils/fs.ts
FNF:0
FNH:0
DA:1,3
DA:21,3
LF:2
LH:2
BRF:0
BRH:0
end_of_record
TN:
SF:vyapti/parser/src/utils/index.ts
FNF:0
FNH:0
DA:1,3
DA:2,3
DA:3,3
DA:5,3
LF:4
LH:4
BRF:0
BRH:0
end_of_record
TN:
SF:vyapti/parser/src/utils/infoTypes.ts
FNF:0
FNH:0
DA:69,3
LF:1
LH:1
BRF:0
BRH:0
end_of_record
TN:
SF:vyapti/parser/src/utils/lineTransformer.ts
FN:9,(anonymous_0)
FN:26,LineTransformer
FN:44,(anonymous_2)
FN:54,(anonymous_3)
FN:70,(anonymous_4)
FN:71,(anonymous_5)
FNF:6
FNH:6
FNDA:4,(anonymous_0)
FNDA:17,LineTransformer
FNDA:24,(anonymous_2)
FNDA:288,(anonymous_3)
FNDA:13,(anonymous_4)
FNDA:13,(anonymous_5)
DA:1,4
DA:9,4
DA:14,17
DA:26,32
DA:27,17
DA:28,17
DA:44,24
DA:49,0
DA:50,24
DA:51,23
DA:52,23
DA:53,23
DA:54,23
DA:55,288
DA:57,22
DA:59,2
DA:70,13
DA:71,13
DA:72,13
DA:74,13
DA:76,4
DA:78,4
LF:22
LH:21
BRDA:26,0,0,15
BRDA:26,0,1,2
BRDA:27,1,0,17
BRDA:27,1,1,17
BRDA:53,2,0,23
BRDA:53,2,1,14
BRF:6
BRH:6
end_of_record
TN:
SF:vyapti/parser/src/utils/relative.ts
FN:29,isRoot
FN:58,normalizeRoot
FN:89,compareRoots
FN:102,normalize
FN:108,(anonymous_4)
FN:161,relative
FN:218,(anonymous_6)
FN:218,(anonymous_7)
FNF:8
FNH:8
FNDA:7956,isRoot
FNDA:4816,normalizeRoot
FNDA:784,compareRoots
FNDA:3132,normalize
FNDA:7352,(anonymous_4)
FNDA:1932,relative
FNDA:440,(anonymous_6)
FNDA:424,(anonymous_7)
DA:6,4
DA:13,4
DA:29,4
DA:30,7956
DA:31,5859
DA:32,4332
DA:35,3624
DA:36,2706
DA:37,772
DA:40,2852
DA:58,4
DA:59,4816
DA:60,3552
DA:61,1508
DA:64,3308
DA:69,3308
DA:71,3308
DA:72,2421
DA:73,1536
DA:75,1772
DA:78,3308
DA:89,4
DA:90,784
DA:91,784
DA:92,784
DA:102,4
DA:103,3132
DA:104,3132
DA:105,3132
DA:106,3132
DA:108,3132
DA:110,5454
DA:111,1436
DA:114,4377
DA:116,1228
DA:120,921
DA:121,609
DA:125,176
DA:127,609
DA:132,536
DA:135,1228
DA:138,4688
DA:141,3132
DA:161,4
DA:163,1413
DA:164,416
DA:168,1516
DA:169,1113
DA:171,588
DA:174,928
DA:176,684
DA:179,148
DA:182,573
DA:185,56
DA:189,531
DA:190,440
DA:194,318
DA:195,384
DA:202,340
DA:203,340
DA:205,340
DA:207,255
DA:208,856
DA:209,642
DA:211,556
DA:212,556
DA:214,300
DA:218,440
DA:219,340
DA:223,340
DA:225,340
LF:71
LH:71
BRDA:110,0,0,7352
BRDA:110,0,1,6644
BRDA:127,1,0,812
BRDA:127,1,1,452
BRDA:168,2,0,656
BRDA:168,2,1,860
BRDA:168,3,0,1076
BRDA:168,3,1,440
BRDA:182,4,0,780
BRDA:182,4,1,572
BRDA:220,5,0,284
BRDA:220,5,1,56
BRDA:31,6,0,3153
BRDA:31,6,1,2706
BRDA:36,7,0,579
BRDA:36,7,1,2127
BRDA:60,8,0,1131
BRDA:60,8,1,2421
BRDA:72,9,0,1152
BRDA:72,9,1,1269
BRDA:110,10,0,1077
BRDA:110,10,1,4377
BRDA:114,11,0,921
BRDA:114,11,1,3456
BRDA:120,12,0,609
BRDA:120,12,1,312
BRDA:121,13,0,132
BRDA:121,13,1,477
BRDA:127,14,0,402
BRDA:127,14,1,207
BRDA:163,15,0,300
BRDA:163,15,1,1113
BRDA:169,16,0,429
BRDA:169,16,1,684
BRDA:176,17,0,111
BRDA:176,17,1,573
BRDA:182,18,0,42
BRDA:182,18,1,531
BRDA:189,19,0,318
BRDA:189,19,1,213
BRDA:194,20,0,276
BRDA:194,20,1,42
BRDA:209,21,0,417
BRDA:209,21,1,225
BRF:44
BRH:44
end_of_record
TN:
SF:vyapti/parser/src/utils/reportMode.ts
FN:6,(anonymous_0)
FNF:1
FNH:1
FNDA:4,(anonymous_0)
DA:6,4
DA:7,4
DA:8,4
DA:9,4
DA:12,4
LF:5
LH:5
BRDA:6,0,0,4
BRDA:6,0,1,4
BRF:2
BRH:2
end_of_record
